<?xml version="1.0" encoding="UTF-8"?>
<testsuite xmlns:xsi="http://www.w3.org/2001/XMLSchema-instance" xsi:noNamespaceSchemaLocation="https://maven.apache.org/surefire/maven-surefire-plugin/xsd/surefire-test-report-3.0.xsd" version="3.0" name="VertxServerTest" time="0.646" tests="5" errors="0" skipped="1" failures="0">
  <properties>
[...]
</properties>
  <testcase name="emptyUUIDTest" classname="VertxServerTest" time="0.381"/>
  <testcase name="statusCodeTest(VertxTestContext)" classname="VertxServerTest" time="0.172"/>
  <testcase name="portTest(VertxTestContext)" classname="VertxServerTest" time="0">
    <skipped message="public void VertxServerTest.portTest(io.vertx.junit5.VertxTestContext) is @Disabled"/>
  </testcase>
  <testcase name="testHttpMethods(VertxTestContext)" classname="VertxServerTest" time="0.033">
    <system-err><![CDATA[561 [vert.x-eventloop-thread-2] ERROR io.vertx.core.http.impl.HttpClientRequestImpl - io.vertx.core.VertxException: Connection was closed
561 [vert.x-eventloop-thread-3] ERROR io.vertx.core.http.impl.HttpClientRequestImpl - io.vertx.core.VertxException: Connection was closed
561 [vert.x-eventloop-thread-4] ERROR io.vertx.core.http.impl.HttpClientRequestImpl - io.vertx.core.VertxException: Connection was closed
562 [vert.x-eventloop-thread-0] ERROR io.vertx.core.http.impl.HttpClientRequestImpl - io.vertx.core.VertxException: Connection was closed
]]></system-err>
  </testcase>
  <testcase name="emptyHostnameTest" classname="VertxServerTest" time="0.023"/>
</testsuite>