<?xml version="1.0" encoding="UTF-8"?>
<testsuite xmlns:xsi="http://www.w3.org/2001/XMLSchema-instance" xsi:noNamespaceSchemaLocation="https://maven.apache.org/surefire/maven-surefire-plugin/xsd/surefire-test-report-3.0.xsd" version="3.0" name="VertxServerTest" time="0.3" tests="1" errors="0" skipped="0" failures="0">
  <properties>
[...]
</properties>
  <testcase name="testGet(TestContext)" classname="VertxServerTest" time="0.291">
    <system-out><![CDATA[Running @Test testGet now
Chyba: Connection refused: localhost/127.0.0.1:8088
]]></system-out>
    <system-err><![CDATA[272 [vert.x-eventloop-thread-1] ERROR io.vertx.core.http.impl.HttpClientRequestImpl - io.netty.channel.AbstractChannel$AnnotatedConnectException: Connection refused: localhost/127.0.0.1:8088
]]></system-err>
  </testcase>
</testsuite>